/*C2*/SET SCHEMA PUBLIC
CONNECT USER SA
DISCONNECT
/*C3*/SET SCHEMA PUBLIC
CONNECT USER SA
/*C4*/SET SCHEMA PUBLIC
CONNECT USER SA
/*C5*/SET SCHEMA PUBLIC
CONNECT USER SA
/*C4*/DISCONNECT
/*C5*/DISCONNECT
/*C6*/SET SCHEMA PUBLIC
CONNECT USER SA
/*C7*/SET SCHEMA PUBLIC
CONNECT USER SA
/*C6*/DISCONNECT
/*C7*/DISCONNECT
/*C8*/SET SCHEMA PUBLIC
CONNECT USER SA
/*C9*/SET SCHEMA PUBLIC
CONNECT USER SA
/*C8*/DISCONNECT
/*C9*/DISCONNECT
/*C10*/SET SCHEMA PUBLIC
CONNECT USER SA
/*C11*/SET SCHEMA PUBLIC
CONNECT USER SA
/*C10*/DISCONNECT
/*C11*/DISCONNECT
/*C12*/SET SCHEMA PUBLIC
CONNECT USER SA
/*C13*/SET SCHEMA PUBLIC
CONNECT USER SA
/*C12*/DISCONNECT
/*C13*/DISCONNECT
/*C14*/SET SCHEMA PUBLIC
CONNECT USER SA
/*C15*/SET SCHEMA PUBLIC
CONNECT USER SA
/*C14*/DISCONNECT
/*C15*/DISCONNECT
/*C16*/SET SCHEMA PUBLIC
CONNECT USER SA
/*C17*/SET SCHEMA PUBLIC
CONNECT USER SA
INSERT INTO USUARIO VALUES(0,'jean','jean','jean','jean')
/*C18*/SET SCHEMA PUBLIC
CONNECT USER SA
/*C19*/SET SCHEMA PUBLIC
CONNECT USER SA
/*C18*/DISCONNECT
/*C19*/DISCONNECT
/*C16*/DISCONNECT
/*C17*/DISCONNECT
/*C20*/SET SCHEMA PUBLIC
CONNECT USER SA
/*C21*/SET SCHEMA PUBLIC
CONNECT USER SA
/*C20*/DISCONNECT
/*C22*/SET SCHEMA PUBLIC
CONNECT USER SA
INSERT INTO USUARIO VALUES(1,'jean','jean','jean','jean')
DISCONNECT
/*C21*/DISCONNECT
/*C23*/SET SCHEMA PUBLIC
CONNECT USER SA
/*C24*/SET SCHEMA PUBLIC
CONNECT USER SA
/*C25*/SET SCHEMA PUBLIC
CONNECT USER SA
/*C26*/SET SCHEMA PUBLIC
CONNECT USER SA
/*C23*/DISCONNECT
/*C25*/DISCONNECT
/*C24*/DISCONNECT
/*C26*/DISCONNECT
/*C27*/SET SCHEMA PUBLIC
CONNECT USER SA
/*C28*/SET SCHEMA PUBLIC
CONNECT USER SA
DISCONNECT
/*C27*/DISCONNECT
/*C29*/SET SCHEMA PUBLIC
CONNECT USER SA
DISCONNECT
/*C30*/SET SCHEMA PUBLIC
CONNECT USER SA
DISCONNECT
/*C31*/SET SCHEMA PUBLIC
CONNECT USER SA
/*C32*/SET SCHEMA PUBLIC
CONNECT USER SA
DISCONNECT
/*C31*/DISCONNECT
/*C33*/SET SCHEMA PUBLIC
CONNECT USER SA
DISCONNECT
/*C34*/SET SCHEMA PUBLIC
CONNECT USER SA
DISCONNECT
/*C35*/SET SCHEMA PUBLIC
CONNECT USER SA
DISCONNECT
/*C36*/SET SCHEMA PUBLIC
CONNECT USER SA
DISCONNECT
/*C37*/SET SCHEMA PUBLIC
CONNECT USER SA
/*C38*/SET SCHEMA PUBLIC
CONNECT USER SA
/*C39*/SET SCHEMA PUBLIC
CONNECT USER SA
INSERT INTO USUARIO VALUES(2,'jean','','','')
/*C37*/DISCONNECT
/*C38*/DISCONNECT
/*C39*/DISCONNECT
/*C40*/SET SCHEMA PUBLIC
CONNECT USER SA
DISCONNECT
/*C41*/SET SCHEMA PUBLIC
CONNECT USER SA
/*C42*/SET SCHEMA PUBLIC
CONNECT USER SA
/*C43*/SET SCHEMA PUBLIC
CONNECT USER SA
INSERT INTO USUARIO VALUES(3,'jeanluca','123','123','123')
/*C41*/DISCONNECT
/*C43*/DISCONNECT
/*C42*/DISCONNECT
/*C44*/SET SCHEMA PUBLIC
CONNECT USER SA
DISCONNECT
/*C45*/SET SCHEMA PUBLIC
CONNECT USER SA
/*C46*/SET SCHEMA PUBLIC
CONNECT USER SA
/*C47*/SET SCHEMA PUBLIC
CONNECT USER SA
INSERT INTO USUARIO VALUES(4,'jean1232143','','','')
/*C46*/DISCONNECT
/*C48*/SET SCHEMA PUBLIC
CONNECT USER SA
DELETE FROM USUARIO WHERE ID_USER=0
DELETE FROM USUARIO WHERE ID_USER=1
DELETE FROM USUARIO WHERE ID_USER=2
DISCONNECT
/*C47*/DISCONNECT
/*C45*/DISCONNECT
/*C3*/SET AUTOCOMMIT FALSE
DELETE FROM USUARIO WHERE ID_USER=3
INSERT INTO USUARIO VALUES(3,'jean','jean','jean','jean')
SET AUTOCOMMIT TRUE
/*C49*/SET SCHEMA PUBLIC
CONNECT USER SA
/*C50*/SET SCHEMA PUBLIC
CONNECT USER SA
DELETE FROM USUARIO WHERE ID_USER=3
DISCONNECT
/*C49*/DISCONNECT
/*C51*/SET SCHEMA PUBLIC
CONNECT USER SA
/*C52*/SET SCHEMA PUBLIC
CONNECT USER SA
/*C53*/SET SCHEMA PUBLIC
CONNECT USER SA
/*C54*/SET SCHEMA PUBLIC
CONNECT USER SA
INSERT INTO USUARIO VALUES(1,'augusto','fernandes','augusto@augusto','1234')
/*C55*/SET SCHEMA PUBLIC
CONNECT USER SA
/*C52*/DISCONNECT
/*C53*/DISCONNECT
/*C55*/DISCONNECT
/*C51*/DISCONNECT
/*C54*/DISCONNECT
/*C56*/SET SCHEMA PUBLIC
CONNECT USER SA
/*C57*/SET SCHEMA PUBLIC
CONNECT USER SA
DISCONNECT
/*C56*/DISCONNECT
/*C58*/SET SCHEMA PUBLIC
CONNECT USER SA
DISCONNECT
/*C59*/SET SCHEMA PUBLIC
CONNECT USER SA
/*C60*/SET SCHEMA PUBLIC
CONNECT USER SA
/*C61*/SET SCHEMA PUBLIC
CONNECT USER SA
/*C62*/SET SCHEMA PUBLIC
CONNECT USER SA
/*C63*/SET SCHEMA PUBLIC
CONNECT USER SA
INSERT INTO USUARIO VALUES(2,'jean','luca','jean@jean','1234')
/*C64*/SET SCHEMA PUBLIC
CONNECT USER SA
/*C62*/DISCONNECT
/*C61*/DISCONNECT
/*C64*/DISCONNECT
/*C59*/DISCONNECT
/*C60*/DISCONNECT
/*C65*/SET SCHEMA PUBLIC
CONNECT USER SA
/*C63*/DISCONNECT
/*C65*/DISCONNECT
/*C66*/SET SCHEMA PUBLIC
CONNECT USER SA
/*C67*/SET SCHEMA PUBLIC
CONNECT USER SA
/*C68*/SET SCHEMA PUBLIC
CONNECT USER SA
DISCONNECT
/*C66*/DISCONNECT
/*C67*/DISCONNECT
/*C69*/SET SCHEMA PUBLIC
CONNECT USER SA
/*C70*/SET SCHEMA PUBLIC
CONNECT USER SA
DELETE FROM USUARIO WHERE ID_USER=2
/*C71*/SET SCHEMA PUBLIC
CONNECT USER SA
/*C72*/SET SCHEMA PUBLIC
CONNECT USER SA
DELETE FROM USUARIO WHERE ID_USER=1
/*C73*/SET SCHEMA PUBLIC
CONNECT USER SA
DELETE FROM USUARIO WHERE ID_USER=4
/*C69*/DISCONNECT
/*C70*/DISCONNECT
/*C72*/DISCONNECT
/*C71*/DISCONNECT
/*C73*/DISCONNECT
/*C74*/SET SCHEMA PUBLIC
CONNECT USER SA
/*C75*/SET SCHEMA PUBLIC
CONNECT USER SA
/*C76*/SET SCHEMA PUBLIC
CONNECT USER SA
/*C77*/SET SCHEMA PUBLIC
CONNECT USER SA
INSERT INTO USUARIO VALUES(0,'jeanluca','fernandes','jeanluca@gmail.com','obscure')
/*C78*/SET SCHEMA PUBLIC
CONNECT USER SA
/*C75*/DISCONNECT
/*C78*/DISCONNECT
/*C76*/DISCONNECT
/*C74*/DISCONNECT
/*C79*/SET SCHEMA PUBLIC
CONNECT USER SA
DISCONNECT
/*C77*/DISCONNECT
/*C80*/SET SCHEMA PUBLIC
CONNECT USER SA
/*C81*/SET SCHEMA PUBLIC
CONNECT USER SA
DISCONNECT
/*C80*/DISCONNECT
/*C82*/SET SCHEMA PUBLIC
CONNECT USER SA
/*C83*/SET SCHEMA PUBLIC
CONNECT USER SA
DISCONNECT
/*C82*/DISCONNECT
/*C84*/SET SCHEMA PUBLIC
CONNECT USER SA
/*C85*/SET SCHEMA PUBLIC
CONNECT USER SA
DISCONNECT
/*C84*/DISCONNECT
/*C86*/SET SCHEMA PUBLIC
CONNECT USER SA
/*C87*/SET SCHEMA PUBLIC
CONNECT USER SA
DISCONNECT
/*C86*/DISCONNECT
/*C3*/SET AUTOCOMMIT FALSE
DELETE FROM USUARIO WHERE ID_USER=0
INSERT INTO USUARIO VALUES(0,'jean','jean','jean','jean')
SET AUTOCOMMIT TRUE
/*C88*/SET SCHEMA PUBLIC
CONNECT USER SA
/*C89*/SET SCHEMA PUBLIC
CONNECT USER SA
/*C90*/SET SCHEMA PUBLIC
CONNECT USER SA
SET AUTOCOMMIT FALSE
DELETE FROM USUARIO WHERE ID_USER=0
INSERT INTO USUARIO VALUES(0,'jean','luca','luca','luca')
SET AUTOCOMMIT TRUE
DISCONNECT
/*C88*/DISCONNECT
/*C89*/DISCONNECT
/*C91*/SET SCHEMA PUBLIC
CONNECT USER SA
/*C92*/SET SCHEMA PUBLIC
CONNECT USER SA
/*C93*/SET SCHEMA PUBLIC
CONNECT USER SA
/*C94*/SET SCHEMA PUBLIC
CONNECT USER SA
/*C95*/SET SCHEMA PUBLIC
CONNECT USER SA
/*C92*/DISCONNECT
/*C93*/DISCONNECT
/*C91*/DISCONNECT
/*C94*/DISCONNECT
/*C95*/DISCONNECT
/*C96*/SET SCHEMA PUBLIC
CONNECT USER SA
/*C97*/SET SCHEMA PUBLIC
CONNECT USER SA
DISCONNECT
/*C96*/DISCONNECT
/*C98*/SET SCHEMA PUBLIC
CONNECT USER SA
/*C99*/SET SCHEMA PUBLIC
CONNECT USER SA
/*C98*/DISCONNECT
/*C99*/DISCONNECT
/*C100*/SET SCHEMA PUBLIC
CONNECT USER SA
/*C101*/SET SCHEMA PUBLIC
CONNECT USER SA
/*C102*/SET SCHEMA PUBLIC
CONNECT USER SA
SET AUTOCOMMIT FALSE
DELETE FROM USUARIO WHERE ID_USER=0
INSERT INTO USUARIO VALUES(0,'jeanluca','1234','1234','1234')
SET AUTOCOMMIT TRUE
DISCONNECT
/*C100*/DISCONNECT
/*C101*/DISCONNECT
/*C103*/SET SCHEMA PUBLIC
CONNECT USER SA
/*C104*/SET SCHEMA PUBLIC
CONNECT USER SA
/*C105*/SET SCHEMA PUBLIC
CONNECT USER SA
DISCONNECT
/*C104*/DISCONNECT
/*C103*/DISCONNECT
